<?xml version="1.0" encoding="UTF-8"?>
<!-- Generated by org.testng.reporters.JUnitXMLReporter -->
<testsuite ignored="0" hostname="PC-MKharrat" failures="0" tests="4" name="Test" time="168.665" errors="0" timestamp="2022-03-11T15:31:39 WAT">
  <testcase classname="Academy.validateNavigationBar" name="baseTitle" time="0.04"/>
  <testcase classname="Academy.HomePage" name="basePageNavigation" time="41.775"/>
  <testcase classname="Academy.HomePage" name="basePageNavigation" time="38.754"/>
  <testcase classname="Academy.validateTitle" name="baseTitle" time="0.046"/>
</testsuite> <!-- Test -->
